<?xml version="1.0" encoding="UTF-8"?>
<testng-results ignored="0" total="2" passed="1" failed="1" skipped="0">
  <reporter-output>
  </reporter-output>
  <suite started-at="2022-06-06T15:52:17 CDT" name="Default suite" finished-at="2022-06-06T15:52:26 CDT" duration-ms="9514">
    <groups>
    </groups>
    <test started-at="2022-06-06T15:52:17 CDT" name="Default test" finished-at="2022-06-06T15:52:26 CDT" duration-ms="9514">
      <class name="Test.TestNG">
        <test-method is-config="true" signature="beforeMethod()[pri:0, instance:Test.TestNG@31c88ec8]" started-at="2022-06-06T15:52:17 CDT" name="beforeMethod" finished-at="2022-06-06T15:52:17 CDT" duration-ms="7" status="PASS">
          <reporter-output>
          </reporter-output>
        </test-method> <!-- beforeMethod -->
        <test-method signature="TC1()[pri:0, instance:Test.TestNG@31c88ec8]" started-at="2022-06-06T15:52:17 CDT" name="TC1" finished-at="2022-06-06T15:52:26 CDT" duration-ms="9128" status="PASS">
          <reporter-output>
          </reporter-output>
        </test-method> <!-- TC1 -->
        <test-method is-config="true" signature="afterMethod()[pri:0, instance:Test.TestNG@31c88ec8]" started-at="2022-06-06T15:52:26 CDT" name="afterMethod" finished-at="2022-06-06T15:52:26 CDT" duration-ms="323" status="PASS">
          <reporter-output>
          </reporter-output>
        </test-method> <!-- afterMethod -->
        <test-method is-config="true" signature="beforeMethod()[pri:0, instance:Test.TestNG@31c88ec8]" started-at="2022-06-06T15:52:26 CDT" name="beforeMethod" finished-at="2022-06-06T15:52:26 CDT" duration-ms="1" status="PASS">
          <reporter-output>
          </reporter-output>
        </test-method> <!-- beforeMethod -->
        <test-method signature="TC2()[pri:0, instance:Test.TestNG@31c88ec8]" started-at="2022-06-06T15:52:26 CDT" name="TC2" finished-at="2022-06-06T15:52:26 CDT" duration-ms="2" status="FAIL">
          <exception class="java.lang.Error">
            <message>
              <![CDATA[Unresolved compilation problem: 
The constructor WebDriverWait(WebDriver, int) is undefined
]]>
            </message>
            <full-stacktrace>
              <![CDATA[java.lang.Error: Unresolved compilation problem: 
The constructor WebDriverWait(WebDriver, int) is undefined

at Test.TestNG.TC2(TestNG.java:36)
at java.base/jdk.internal.reflect.DirectMethodHandleAccessor.invoke(DirectMethodHandleAccessor.java:104)
at java.base/java.lang.reflect.Method.invoke(Method.java:577)
at org.testng.internal.MethodInvocationHelper.invokeMethod(MethodInvocationHelper.java:133)
at org.testng.internal.TestInvoker.invokeMethod(TestInvoker.java:598)
at org.testng.internal.TestInvoker.invokeTestMethod(TestInvoker.java:173)
at org.testng.internal.MethodRunner.runInSequence(MethodRunner.java:46)
at org.testng.internal.TestInvoker$MethodInvocationAgent.invoke(TestInvoker.java:824)
at org.testng.internal.TestInvoker.invokeTestMethods(TestInvoker.java:146)
at org.testng.internal.TestMethodWorker.invokeTestMethods(TestMethodWorker.java:146)
at org.testng.internal.TestMethodWorker.run(TestMethodWorker.java:128)
at java.base/java.util.ArrayList.forEach(ArrayList.java:1511)
at org.testng.TestRunner.privateRun(TestRunner.java:794)
at org.testng.TestRunner.run(TestRunner.java:596)
at org.testng.SuiteRunner.runTest(SuiteRunner.java:377)
at org.testng.SuiteRunner.runSequentially(SuiteRunner.java:371)
at org.testng.SuiteRunner.privateRun(SuiteRunner.java:332)
at org.testng.SuiteRunner.run(SuiteRunner.java:276)
at org.testng.SuiteRunnerWorker.runSuite(SuiteRunnerWorker.java:53)
at org.testng.SuiteRunnerWorker.run(SuiteRunnerWorker.java:96)
at org.testng.TestNG.runSuitesSequentially(TestNG.java:1212)
at org.testng.TestNG.runSuitesLocally(TestNG.java:1134)
at org.testng.TestNG.runSuites(TestNG.java:1063)
at org.testng.TestNG.run(TestNG.java:1031)
at org.testng.remote.AbstractRemoteTestNG.run(AbstractRemoteTestNG.java:115)
at org.testng.remote.RemoteTestNG.initAndRun(RemoteTestNG.java:251)
at org.testng.remote.RemoteTestNG.main(RemoteTestNG.java:77)
]]>
            </full-stacktrace>
          </exception> <!-- java.lang.Error -->
          <reporter-output>
          </reporter-output>
        </test-method> <!-- TC2 -->
        <test-method is-config="true" signature="afterMethod()[pri:0, instance:Test.TestNG@31c88ec8]" started-at="2022-06-06T15:52:26 CDT" name="afterMethod" finished-at="2022-06-06T15:52:26 CDT" duration-ms="2" status="PASS">
          <reporter-output>
          </reporter-output>
        </test-method> <!-- afterMethod -->
      </class> <!-- Test.TestNG -->
    </test> <!-- Default test -->
  </suite> <!-- Default suite -->
</testng-results>
